Host - Controlen op bestaan van IPV6-adres.
------------------------

it-zaken.com has address 79.143.220.71


SSLyze - Controles voor veilige heronderhandelingsondersteuning en klantheronderhandeling.
------------------------


 CHECKING CONNECTIVITY TO SERVER(S)
 ----------------------------------

   it-zaken.com:443          => 79.143.220.71 

 SCAN RESULTS FOR IT-ZAKEN.COM:443 - 79.143.220.71
 -------------------------------------------------

 * Session Renegotiation:
       Client Renegotiation DoS Attack:   OK - Not vulnerable
       Secure Renegotiation:              OK - Supported

 SCANS COMPLETED IN 0.329739 S
 -----------------------------

 COMPLIANCE AGAINST MOZILLA TLS CONFIGURATION
 --------------------------------------------

    Disabled; use --mozilla-config={old, intermediate, modern}.



DMitry - Verzamelt passief subdomeinen van het domein.
------------------------

Deepmagic Information Gathering Tool
"There be some deep magic going on"

HostIP:79.143.220.71
HostName:it-zaken.com

Gathered Subdomain information for it-zaken.com
---------------------------------
Searching Google.com:80...
HostName:www.it-zaken.com
HostIP:79.143.220.71
Searching Altavista.com:80...
Found 1 possible subdomain(s) for host it-zaken.com, Searched 0 pages containing 0 results

All scans completed, exiting


Golismero - Controleert alleen op Heartbleed-kwetsbaarheid.
------------------------

/bin/sh: 1: golismero: not found


Golismero - BruteForces voor bepaalde mappen op het domein.
------------------------

/bin/sh: 1: golismero: not found


Nikto - Controleert of de server verouderd is.
------------------------

- Nikto v2.1.6
---------------------------------------------------------------------------
+ Target IP:          79.143.220.71
+ Target Hostname:    it-zaken.com
+ Target Port:        80
+ Start Time:         2022-03-03 14:48:23 (GMT1)
---------------------------------------------------------------------------
+ Server: Apache/2
+ Root page / redirects to: https://it-zaken.com/
+ Apache/2 appears to be outdated (current is at least Apache/2.4.37). Apache 2.2.34 is the EOL for the 2.x branch.
+ 232 requests: 0 error(s) and 1 item(s) reported on remote host
+ End Time:           2022-03-03 14:48:29 (GMT1) (6 seconds)
---------------------------------------------------------------------------
+ 1 host(s) tested


Nmap [FTP] - Controleert of de FTP-service actief is.
------------------------

Starting Nmap 7.92 ( https://nmap.org ) at 2022-03-03 14:48 CET
Nmap scan report for it-zaken.com (79.143.220.71)
Host is up (0.023s latency).
rDNS record for 79.143.220.71: IT-Web02.it-zaken.com

PORT   STATE SERVICE
21/tcp open  ftp

Nmap done: 1 IP address (1 host up) scanned in 0.16 seconds


WHOis - Controles voor de contactgegevens van de beheerder.
------------------------

   Domain Name: IT-ZAKEN.COM
   Registry Domain ID: 1830722435_DOMAIN_COM-VRSN
   Registrar WHOIS Server: whois.mijninternetoplossing.nl
   Registrar URL: http://www.mijninternetoplossing.nl
   Updated Date: 2021-10-12T07:10:50Z
   Creation Date: 2013-10-11T11:27:21Z
   Registry Expiry Date: 2022-10-11T11:27:21Z
   Registrar: Mijn InternetOplossing B.V.
   Registrar IANA ID: 1587
   Registrar Abuse Contact Email: abuse@mijninternetoplossing.nl
   Registrar Abuse Contact Phone: +31.367112112
   Domain Status: clientTransferProhibited https://icann.org/epp#clientTransferProhibited
   Name Server: NS1.MIJNDNSSERVER.NL
   Name Server: NS2.MIJNDNSSERVER.NL
   Name Server: NS3.MIJNDNSSERVER.EU
   Name Server: NS4.MIJNDNSSERVER.NET
   DNSSEC: signedDelegation
   DNSSEC DS Data: 31281 7 2 08B60BF16C29F8D3F9E72A206ECDD1A643B40DAFA8B8A052EB0734363B97BFEA
   URL of the ICANN Whois Inaccuracy Complaint Form: https://www.icann.org/wicf/
>>> Last update of whois database: 2022-03-03T13:49:23Z <<<

For more information on Whois status codes, please visit https://icann.org/epp

NOTICE: The expiration date displayed in this record is the date the
registrar's sponsorship of the domain name registration in the registry is
currently set to expire. This date does not necessarily reflect the expiration
date of the domain name registrant's agreement with the sponsoring
registrar.  Users may consult the sponsoring registrar's Whois database to
view the registrar's reported date of expiration for this registration.

TERMS OF USE: You are not authorized to access or query our Whois
database through the use of electronic processes that are high-volume and
automated except as reasonably necessary to register domain names or
modify existing registrations; the Data in VeriSign Global Registry
Services' ("VeriSign") Whois database is provided by VeriSign for
information purposes only, and to assist persons in obtaining information
about or related to a domain name registration record. VeriSign does not
guarantee its accuracy. By submitting a Whois query, you agree to abide
by the following terms of use: You agree that you may use this Data only
for lawful purposes and that under no circumstances will you use this Data
to: (1) allow, enable, or otherwise support the transmission of mass
unsolicited, commercial advertising or solicitations via e-mail, telephone,
or facsimile; or (2) enable high volume, automated, electronic processes
that apply to VeriSign (or its computer systems). The compilation,
repackaging, dissemination or other use of this Data is expressly
prohibited without the prior written consent of VeriSign. You agree not to
use electronic processes that are automated and high-volume to access or
query the Whois database except as reasonably necessary to register
domain names or modify existing registrations. VeriSign reserves the right
to restrict your access to the Whois database in its sole discretion to ensure
operational stability.  VeriSign may restrict or terminate your access to the
Whois database for failure to abide by these terms of use. VeriSign
reserves the right to modify these terms at any time.

The Registry database contains ONLY .COM, .NET, .EDU domains and
Registrars.
Domain Name: it-zaken.com
Registry Domain ID: 1830722435_DOMAIN_COM-VRSN
Registrar WHOIS Server: whois.mijninternetoplossing.nl
Registrar URL: http://www.mijninternetoplossing.nl
Updated Date: 2021-10-13T00:46:59Z
Creation Date: 2013-10-11T11:27:21Z
Registrar Registration Expiration Date: 2022-10-11T11:27:21Z
Registrar: MijnInternetOplossing B.V.
Registrar IANA ID: 1587
Reseller: MijnInternetOplossing B.V.
Domain Status: ok http://www.icann.org/epp#ok
Domain Status: clientTransferProhibited http://www.icann.org/epp#clientTransferProhibited
Registry Registrant ID: REDACTED FOR PRIVACY
Registrant Name: REDACTED FOR PRIVACY
Registrant Organization: REDACTED FOR PRIVACY
Registrant Street: REDACTED FOR PRIVACY
Registrant City: REDACTED FOR PRIVACY
Registrant State/Province: 
Registrant Postal Code: REDACTED FOR PRIVACY
Registrant Country: NL
Registrant Phone: REDACTED FOR PRIVACY
Registrant Phone Ext: REDACTED FOR PRIVACY
Registrant Fax: REDACTED FOR PRIVACY
Registrant Fax Ext: REDACTED FOR PRIVACY
Registrant Email: https://mydomainprovider.com/contact_domain/
Registry Admin ID: REDACTED FOR PRIVACY
Admin Name: REDACTED FOR PRIVACY
Admin Organization: REDACTED FOR PRIVACY
Admin Street: REDACTED FOR PRIVACY
Admin City: REDACTED FOR PRIVACY
Admin State/Province: REDACTED FOR PRIVACY
Admin Postal Code: REDACTED FOR PRIVACY
Admin Country: REDACTED FOR PRIVACY
Admin Phone: REDACTED FOR PRIVACY
Admin Phone Ext: REDACTED FOR PRIVACY
Admin Fax: REDACTED FOR PRIVACY
Admin Fax Ext: REDACTED FOR PRIVACY
Admin Email: https://mydomainprovider.com/contact_domain/
Registry Tech ID: REDACTED FOR PRIVACY
Tech Name: REDACTED FOR PRIVACY
Tech Organization: REDACTED FOR PRIVACY
Tech Street: REDACTED FOR PRIVACY
Tech City: REDACTED FOR PRIVACY
Tech State/Province: REDACTED FOR PRIVACY
Tech Postal Code: REDACTED FOR PRIVACY
Tech Country: REDACTED FOR PRIVACY
Tech Phone: REDACTED FOR PRIVACY
Tech Phone Ext: REDACTED FOR PRIVACY
Tech Fax: REDACTED FOR PRIVACY
Tech Fax Ext: REDACTED FOR PRIVACY
Tech Email: https://mydomainprovider.com/contact_domain/
Name Server: ns1.mijndnsserver.nl
Name Server: ns2.mijndnsserver.nl
Name Server: ns3.mijndnsserver.eu
Name Server: ns4.mijndnsserver.net
DNSSEC: signedDelegation
Registrar Abuse Contact Email: abuse@mijninternetoplossing.nl
Registrar Abuse Contact Phone: +31.362024021
URL of the ICANN WHOIS Data Problem Reporting System:
http://wdprs.internic.net/
>>> Last update of WHOIS database: 2022-03-03T13:49:33Z <<<

For more information on Whois status codes, please visit https://icann.org/epp

Please email the listed admin email address if you wish to raise a legal issue.

The data in this whois database is provided to you for information purposes only, that is,
to assist you in obtaining information about or related to a domain name registration record.
We make this information available "as is," and do not guarantee its accuracy.
By submitting a whois query, you agree that you will use this data only for lawful purposes and that, under no circumstances will you use this data to:
(1) enable high volume, automated, electronic processes that stress or load this whois database system providing you this information; or
(2) allow, enable, or otherwise support the transmission of mass unsolicited, commercial advertising or solicitations via direct mail,
electronic mail, or by telephone. The compilation, repackaging, dissemination or other use of this data is expressly prohibited without
prior written consent from MijnInternetOplossing B.V.

The domain listed is registered under privacy protect conditions.
To contact the registrant, please e-ail the Registrant Email.




WhatWeb - Controles voor X-XSS Protection Header
------------------------

[1m[34mhttp://it-zaken.com/[0m [301 Moved Permanently] [1mApache[0m[[1m[32m2[0m], [1mCountry[0m[[0m[22mNETHERLANDS[0m][[1m[31mNL[0m], [1mHTTPServer[0m[[1m[36mApache/2[0m], [1mIP[0m[[0m[22m79.143.220.71[0m], [1mRedirectLocation[0m[[0m[22mhttps://it-zaken.com/[0m], [1mTitle[0m[[1m[33m301 Moved Permanently[0m]
[1m[34mhttps://it-zaken.com/[0m [200 OK] [1mApache[0m[[1m[32m2[0m], [1mCountry[0m[[0m[22mNETHERLANDS[0m][[1m[31mNL[0m], [1mEmail[0m[[0m[22mInfo@it-zaken.com,info@it-zaken.com[0m], [1mFrame[0m, [1mHTML5[0m, [1mHTTPServer[0m[[1m[36mApache/2[0m], [1mIP[0m[[0m[22m79.143.220.71[0m], [1mJQuery[0m[[1m[32m3.6.0[0m], [1mMetaGenerator[0m[[0m[22mOptimole 3.2.1,WordPress 5.9[0m], [1mOpen-Graph-Protocol[0m[[1m[32mwebsite[0m], [1mScript[0m[[0m[22mapplication/javascript,application/ld+json,text/javascript[0m], [1mTitle[0m[[1m[33mThuis - IT Zaken BV[0m], [1mUncommonHeaders[0m[[0m[22mupgrade[0m], [1mWordPress[0m[[1m[32m5.9[0m], [1mWordpressSuperCache[0m


XSSer - Controle voor Cross-Site Scripting [XSS] Attacks.
------------------------

Traceback (most recent call last):
  File "/usr/local/lib/python3.9/dist-packages/xsser-1.8.4-py3.9.egg/core/curlcontrol.py", line 51, in Curl
    f = open("core/fuzzing/user-agents.txt").readlines() # set path for user-agents
FileNotFoundError: [Errno 2] No such file or directory: 'core/fuzzing/user-agents.txt'

During handling of the above exception, another exception occurred:

Traceback (most recent call last):
  File "/usr/local/bin/xsser", line 4, in <module>
    __import__('pkg_resources').run_script('xsser==1.8.4', 'xsser')
  File "/usr/lib/python3/dist-packages/pkg_resources/__init__.py", line 656, in run_script
    self.require(requires)[0].run_script(script_name, ns)
  File "/usr/lib/python3/dist-packages/pkg_resources/__init__.py", line 1453, in run_script
    exec(code, namespace, namespace)
  File "/usr/local/lib/python3.9/dist-packages/xsser-1.8.4-py3.9.egg/EGG-INFO/scripts/xsser", line 22, in <module>
    from core.main import xsser
  File "/usr/local/lib/python3.9/dist-packages/xsser-1.8.4-py3.9.egg/core/main.py", line 42, in <module>
    from core.curlcontrol import Curl
  File "/usr/local/lib/python3.9/dist-packages/xsser-1.8.4-py3.9.egg/core/curlcontrol.py", line 29, in <module>
    class Curl:
  File "/usr/local/lib/python3.9/dist-packages/xsser-1.8.4-py3.9.egg/core/curlcontrol.py", line 53, in Curl
    f = open("fuzzing/user-agents.txt").readlines() # set path for user-agents when testing
FileNotFoundError: [Errno 2] No such file or directory: 'fuzzing/user-agents.txt'


Golismero - Voltooid een fingerprint op het domein.
------------------------

/bin/sh: 1: golismero: not found


Nmap - Fast Scan [Only Few Port Checks]
------------------------

Starting Nmap 7.92 ( https://nmap.org ) at 2022-03-03 14:50 CET
Nmap scan report for it-zaken.com (79.143.220.71)
Host is up (0.019s latency).
rDNS record for 79.143.220.71: IT-Web02.it-zaken.com
Not shown: 93 filtered tcp ports (no-response)
Some closed ports may be reported as filtered due to --defeat-rst-ratelimit
PORT    STATE SERVICE
21/tcp  open  ftp
22/tcp  open  ssh
80/tcp  open  http
143/tcp open  imap
443/tcp open  https
587/tcp open  submission
993/tcp open  imaps

Nmap done: 1 IP address (1 host up) scanned in 2.15 seconds


Golismero - SQLMap [Retrieves only the DB Banner]
------------------------

/bin/sh: 1: golismero: not found


Golismero - Controleert of het domein is spoofed of hijacked.
------------------------

/bin/sh: 1: golismero: not found


Golismero Nikto Scans - Gebruikt Nikto Plugin om kwetsbaarheden te detecteren.
------------------------

/bin/sh: 1: golismero: not found


Wafw00f - Controles voor applicatie-firewalls.
------------------------


                   [1;97m______
                  [1;97m/      \
                 [1;97m(  Woof! )
                  [1;97m\  ____/                      [1;91m)
                  [1;97m,,                           [1;91m) ([1;93m_
             [1;93m.-. [1;97m-    [1;92m_______                 [1;91m( [1;93m|__|
            [1;93m()``; [1;92m|==|_______)                [1;91m.)[1;93m|__|
            [1;93m/ ('        [1;92m/|\                  [1;91m(  [1;93m|__|
        [1;93m(  /  )       [1;92m / | \                  [1;91m. [1;93m|__|
         [1;93m\(_)_))      [1;92m/  |  \                   [1;93m|__|[0m

                    [1;96m~ WAFW00F : [1;94mv2.1.0 ~[1;97m
    The Web Application Firewall Fingerprinting Toolkit
    [0m
[*] Checking https://it-zaken.com
[+] Generic Detection results:
[-] No WAF detected by the generic detection
[~] Number of requests: 7


Golismero - BruteForces voor bepaalde bestanden op het domein.
------------------------

/bin/sh: 1: golismero: not found


WordPress Checker - Controles voor WordPress-installatie.
------------------------

--2022-03-03 14:51:49--  http://it-zaken.com/wp-admin
Resolving it-zaken.com (it-zaken.com)... 79.143.220.71
Connecting to it-zaken.com (it-zaken.com)|79.143.220.71|:80... connected.
HTTP request sent, awaiting response... 301 Moved Permanently
Location: https://it-zaken.com/wp-admin [following]
--2022-03-03 14:51:49--  https://it-zaken.com/wp-admin
Connecting to it-zaken.com (it-zaken.com)|79.143.220.71|:443... connected.
HTTP request sent, awaiting response... 301 Moved Permanently
Location: https://it-zaken.com/wp-admin/ [following]
--2022-03-03 14:51:50--  https://it-zaken.com/wp-admin/
Reusing existing connection to it-zaken.com:443.
HTTP request sent, awaiting response... 302 Found
Location: https://it-zaken.com/wp-login.php?redirect_to=https%3A%2F%2Fit-zaken.com%2Fwp-admin%2F&reauth=1 [following]
--2022-03-03 14:51:50--  https://it-zaken.com/wp-login.php?redirect_to=https%3A%2F%2Fit-zaken.com%2Fwp-admin%2F&reauth=1
Reusing existing connection to it-zaken.com:443.
HTTP request sent, awaiting response... 200 OK
Length: unspecified [text/html]
Saving to: ‘/tmp/rapidscan_temp_wp_check’

     0K ........                                               50.2M=0s

2022-03-03 14:51:51 (50.2 MB/s) - ‘/tmp/rapidscan_temp_wp_check’ saved [8569]



LBD - Controleert op DNS/HTTP Load Balancers.
------------------------


lbd - load balancing detector 0.4 - Checks if a given domain uses load-balancing.
                                    Written by Stefan Behte (http://ge.mine.nu)
                                    Proof-of-concept! Might give false positives.

Checking for DNS-Loadbalancing: NOT FOUND
Checking for HTTP-Loadbalancing [Server]: 
 Apache/2
 NOT FOUND

Checking for HTTP-Loadbalancing [Date]: 13:52:22, 13:52:22, 13:52:22, 13:52:22, 13:52:22, 13:52:22, 13:52:22, 13:52:23, 13:52:23, 13:52:23, 13:52:23, 13:52:23, 13:52:23, 13:52:23, 13:52:24, 13:52:24, 13:52:24, 13:52:24, 13:52:24, 13:52:24, 13:52:24, 13:52:25, 13:52:25, 13:52:25, 13:52:25, 13:52:25, 13:52:26, 13:52:26, 13:52:26, 13:52:26, 13:52:26, 13:52:27, 13:52:27, 13:52:27, 13:52:27, 13:52:28, 13:52:28, 13:52:28, 13:52:28, 13:52:28, 13:52:28, 13:52:28, 13:52:28, 13:52:28, 13:52:29, 13:52:29, 13:52:29, 13:52:29, 13:52:29, 13:52:29, NOT FOUND

Checking for HTTP-Loadbalancing [Diff]: NOT FOUND

it-zaken.com does NOT use Load-balancing.



Nikto - Controleert de domeinheaders.
------------------------

- Nikto v2.1.6
---------------------------------------------------------------------------
+ Target IP:          79.143.220.71
+ Target Hostname:    it-zaken.com
+ Target Port:        80
+ Start Time:         2022-03-03 14:52:38 (GMT1)
---------------------------------------------------------------------------
+ Server: Apache/2
+ The anti-clickjacking X-Frame-Options header is not present.
+ The X-XSS-Protection header is not defined. This header can hint to the user agent to protect against some forms of XSS
+ The X-Content-Type-Options header is not set. This could allow the user agent to render the content of the site in a different fashion to the MIME type
+ Root page / redirects to: https://it-zaken.com/
+ 259 requests: 0 error(s) and 3 item(s) reported on remote host
+ End Time:           2022-03-03 14:52:44 (GMT1) (6 seconds)
---------------------------------------------------------------------------
+ 1 host(s) tested


